[citi] proxy: none (direct). If Excel needs a proxy, set HTTPS_PROXY or pass --proxy host:port.
============================================================
[citi] UID  : http://localhost:8198/    (serves UnifiedPricer.html)
[citi] feed : http://localhost:8198/curve
[citi] >>> OPEN THIS IN A BROWSER:  http://localhost:8198/
============================================================
[citi] socket OPEN; waiting for CONN_READY...
[citi] CONN_READY -> sent 332 SUB requests (USD+JPY par + 1y-fwd).
[citi] FIRST DATA received (43 pairs, 43 matched, ts 2026-07-16T15:44).
[citi] status: connected=True conn_ready=True subscribed=332/332 ticks=4
[citi] status: connected=True conn_ready=True subscribed=332/332 ticks=4
[citi] status: connected=True conn_ready=True subscribed=332/332 ticks=10
[citi] status: connected=True conn_ready=True subscribed=332/332 ticks=10
[citi] status: connected=True conn_ready=True subscribed=332/332 ticks=19
[citi] status: connected=True conn_ready=True subscribed=332/332 ticks=19
[citi] status: connected=True conn_ready=True subscribed=332/332 ticks=24
[citi] status: connected=True conn_ready=True subscribed=332/332 ticks=24
[citi] status: connected=True conn_ready=True subscribed=332/332 ticks=31
[citi] status: connected=True conn_ready=True subscribed=332/332 ticks=31
[citi] status: connected=True conn_ready=True subscribed=332/332 ticks=36
[citi] status: connected=True conn_ready=True subscribed=332/332 ticks=36
[citi] status: connected=True conn_ready=True subscribed=332/332 ticks=42
[citi] status: connected=True conn_ready=True subscribed=332/332 ticks=42
[citi] status: connected=True conn_ready=True subscribed=332/332 ticks=48
[citi] status: connected=True conn_ready=True subscribed=332/332 ticks=48
[citi] status: connected=True conn_ready=True subscribed=332/332 ticks=53
[citi] status: connected=True conn_ready=True subscribed=332/332 ticks=53
[citi] status: connected=True conn_ready=True subscribed=332/332 ticks=58
[citi] status: connected=True conn_ready=True subscribed=332/332 ticks=58
[citi] status: connected=True conn_ready=True subscribed=332/332 ticks=64
[citi] status: connected=True conn_ready=True subscribed=332/332 ticks=64
[citi] status: connected=True conn_ready=True subscribed=332/332 ticks=69
[citi] status: connected=True conn_ready=True subscribed=332/332 ticks=69
[citi] status: connected=True conn_ready=True subscribed=332/332 ticks=76
[citi] status: connected=True conn_ready=True subscribed=332/332 ticks=76
[citi] status: connected=True conn_ready=True subscribed=332/332 ticks=79
[citi] status: connected=True conn_ready=True subscribed=332/332 ticks=79
[citi] status: connected=True conn_ready=True subscribed=332/332 ticks=86
[citi] status: connected=True conn_ready=True subscribed=332/332 ticks=86
[citi] status: connected=True conn_ready=True subscribed=332/332 ticks=91
[citi] status: connected=True conn_ready=True subscribed=332/332 ticks=91
[citi] status: connected=True conn_ready=True subscribed=332/332 ticks=97
[citi] status: connected=True conn_ready=True subscribed=332/332 ticks=97
[citi] status: connected=True conn_ready=True subscribed=332/332 ticks=103
[citi] status: connected=True conn_ready=True subscribed=332/332 ticks=103
[citi] status: connected=True conn_ready=True subscribed=332/332 ticks=106
[citi] status: connected=True conn_ready=True subscribed=332/332 ticks=106
[citi] status: connected=True conn_ready=True subscribed=332/332 ticks=113
[citi] status: connected=True conn_ready=True subscribed=332/332 ticks=113
[citi] status: connected=True conn_ready=True subscribed=332/332 ticks=118
[citi] status: connected=True conn_ready=True subscribed=332/332 ticks=118
[citi] status: connected=True conn_ready=True subscribed=332/332 ticks=126
[citi] status: connected=True conn_ready=True subscribed=332/332 ticks=126
[citi] status: connected=True conn_ready=True subscribed=332/332 ticks=132
[citi] status: connected=True conn_ready=True subscribed=332/332 ticks=132
[citi] status: connected=True conn_ready=True subscribed=332/332 ticks=137
[citi] status: connected=True conn_ready=True subscribed=332/332 ticks=137
[citi] status: connected=True conn_ready=True subscribed=332/332 ticks=140
[citi] status: connected=True conn_ready=True subscribed=332/332 ticks=140
[citi] status: connected=True conn_ready=True subscribed=332/332 ticks=146
[citi] status: connected=True conn_ready=True subscribed=332/332 ticks=146
[citi] status: connected=True conn_ready=True subscribed=332/332 ticks=152
[citi] status: connected=True conn_ready=True subscribed=332/332 ticks=152
[citi] status: connected=True conn_ready=True subscribed=332/332 ticks=158
[citi] status: connected=True conn_ready=True subscribed=332/332 ticks=158
[citi] status: connected=True conn_ready=True subscribed=332/332 ticks=162
[citi] status: connected=True conn_ready=True subscribed=332/332 ticks=162
[citi] status: connected=True conn_ready=True subscribed=332/332 ticks=165
[citi] status: connected=True conn_ready=True subscribed=332/332 ticks=165
[citi] status: connected=True conn_ready=True subscribed=332/332 ticks=171
[citi] status: connected=True conn_ready=True subscribed=332/332 ticks=171
[citi] status: connected=True conn_ready=True subscribed=332/332 ticks=176
[citi] status: connected=True conn_ready=True subscribed=332/332 ticks=176
[citi] status: connected=True conn_ready=True subscribed=332/332 ticks=179
[citi] status: connected=True conn_ready=True subscribed=332/332 ticks=179
[citi] status: connected=True conn_ready=True subscribed=332/332 ticks=186
[citi] status: connected=True conn_ready=True subscribed=332/332 ticks=186
[citi] status: connected=True conn_ready=True subscribed=332/332 ticks=192
[citi] status: connected=True conn_ready=True subscribed=332/332 ticks=192
[citi] status: connected=True conn_ready=True subscribed=332/332 ticks=198
[citi] status: connected=True conn_ready=True subscribed=332/332 ticks=198
[citi] status: connected=True conn_ready=True subscribed=332/332 ticks=205
[citi] status: connected=True conn_ready=True subscribed=332/332 ticks=205
[citi] status: connected=True conn_ready=True subscribed=332/332 ticks=207
[citi] status: connected=True conn_ready=True subscribed=332/332 ticks=207
[citi] status: connected=True conn_ready=True subscribed=332/332 ticks=212
[citi] status: connected=True conn_ready=True subscribed=332/332 ticks=212
[citi] status: connected=True conn_ready=True subscribed=332/332 ticks=219
[citi] status: connected=True conn_ready=True subscribed=332/332 ticks=219
[citi] status: connected=True conn_ready=True subscribed=332/332 ticks=224
[citi] status: connected=True conn_ready=True subscribed=332/332 ticks=224
[citi] status: connected=True conn_ready=True subscribed=332/332 ticks=230
[citi] status: connected=True conn_ready=True subscribed=332/332 ticks=230
[citi] status: connected=True conn_ready=True subscribed=332/332 ticks=234
[citi] status: connected=True conn_ready=True subscribed=332/332 ticks=234
[citi] status: connected=True conn_ready=True subscribed=332/332 ticks=238
[citi] status: connected=True conn_ready=True subscribed=332/332 ticks=238
[citi] status: connected=True conn_ready=True subscribed=332/332 ticks=244
[citi] status: connected=True conn_ready=True subscribed=332/332 ticks=244
[citi] status: connected=True conn_ready=True subscribed=332/332 ticks=249
[citi] status: connected=True conn_ready=True subscribed=332/332 ticks=249
[citi] status: connected=True conn_ready=True subscribed=332/332 ticks=252
[citi] status: connected=True conn_ready=True subscribed=332/332 ticks=252
[citi] status: connected=True conn_ready=True subscribed=332/332 ticks=255
[citi] status: connected=True conn_ready=True subscribed=332/332 ticks=255
[citi] status: connected=True conn_ready=True subscribed=332/332 ticks=260
[citi] status: connected=True conn_ready=True subscribed=332/332 ticks=260
[citi] status: connected=True conn_ready=True subscribed=332/332 ticks=263
[citi] status: connected=True conn_ready=True subscribed=332/332 ticks=263
[citi] status: connected=True conn_ready=True subscribed=332/332 ticks=269
[citi] status: connected=True conn_ready=True subscribed=332/332 ticks=269
[citi] status: connected=True conn_ready=True subscribed=332/332 ticks=275
[citi] status: connected=True conn_ready=True subscribed=332/332 ticks=275
[citi] status: connected=True conn_ready=True subscribed=332/332 ticks=277
[citi] status: connected=True conn_ready=True subscribed=332/332 ticks=277
[citi] status: connected=True conn_ready=True subscribed=332/332 ticks=283
[citi] status: connected=True conn_ready=True subscribed=332/332 ticks=283
[citi] status: connected=True conn_ready=True subscribed=332/332 ticks=291
[citi] status: connected=True conn_ready=True subscribed=332/332 ticks=291
[citi] status: connected=True conn_ready=True subscribed=332/332 ticks=295
[citi] status: connected=True conn_ready=True subscribed=332/332 ticks=295
[citi] status: connected=True conn_ready=True subscribed=332/332 ticks=300
[citi] status: connected=True conn_ready=True subscribed=332/332 ticks=300
[citi] status: connected=True conn_ready=True subscribed=332/332 ticks=306
[citi] status: connected=True conn_ready=True subscribed=332/332 ticks=306
[citi] status: connected=True conn_ready=True subscribed=332/332 ticks=308
[citi] status: connected=True conn_ready=True subscribed=332/332 ticks=308
[citi] status: connected=True conn_ready=True subscribed=332/332 ticks=310
[citi] status: connected=True conn_ready=True subscribed=332/332 ticks=310
[citi] status: connected=True conn_ready=True subscribed=332/332 ticks=316
[citi] status: connected=True conn_ready=True subscribed=332/332 ticks=316
[citi] status: connected=True conn_ready=True subscribed=332/332 ticks=321
[citi] status: connected=True conn_ready=True subscribed=332/332 ticks=321
[citi] status: connected=True conn_ready=True subscribed=332/332 ticks=325
[citi] status: connected=True conn_ready=True subscribed=332/332 ticks=325
[citi] status: connected=True conn_ready=True subscribed=332/332 ticks=328
[citi] status: connected=True conn_ready=True subscribed=332/332 ticks=328
[citi] status: connected=True conn_ready=True subscribed=332/332 ticks=337
[citi] status: connected=True conn_ready=True subscribed=332/332 ticks=337
[citi] status: connected=True conn_ready=True subscribed=332/332 ticks=345
[citi] status: connected=True conn_ready=True subscribed=332/332 ticks=345
[citi] status: connected=True conn_ready=True subscribed=332/332 ticks=355
[citi] status: connected=True conn_ready=True subscribed=332/332 ticks=355
[citi] status: connected=True conn_ready=True subscribed=332/332 ticks=362
[citi] status: connected=True conn_ready=True subscribed=332/332 ticks=362
[citi] status: connected=True conn_ready=True subscribed=332/332 ticks=369
[citi] status: connected=True conn_ready=True subscribed=332/332 ticks=369
[citi] status: connected=True conn_ready=True subscribed=332/332 ticks=377
[citi] status: connected=True conn_ready=True subscribed=332/332 ticks=377
[citi] status: connected=True conn_ready=True subscribed=332/332 ticks=383
[citi] status: connected=True conn_ready=True subscribed=332/332 ticks=383
[citi] status: connected=True conn_ready=True subscribed=332/332 ticks=393
[citi] status: connected=True conn_ready=True subscribed=332/332 ticks=393
[citi] status: connected=True conn_ready=True subscribed=332/332 ticks=401
[citi] status: connected=True conn_ready=True subscribed=332/332 ticks=401
[citi] status: connected=True conn_ready=True subscribed=332/332 ticks=407
[citi] status: connected=True conn_ready=True subscribed=332/332 ticks=407
[citi] status: connected=True conn_ready=True subscribed=332/332 ticks=413
[citi] status: connected=True conn_ready=True subscribed=332/332 ticks=413
[citi] status: connected=True conn_ready=True subscribed=332/332 ticks=415
[citi] status: connected=True conn_ready=True subscribed=332/332 ticks=415
[citi] status: connected=True conn_ready=True subscribed=332/332 ticks=418
[citi] status: connected=True conn_ready=True subscribed=332/332 ticks=418
[citi] status: connected=True conn_ready=True subscribed=332/332 ticks=423
[citi] status: connected=True conn_ready=True subscribed=332/332 ticks=423
[citi] status: connected=True conn_ready=True subscribed=332/332 ticks=429
[citi] status: connected=True conn_ready=True subscribed=332/332 ticks=429
[citi] status: connected=True conn_ready=True subscribed=332/332 ticks=434
[citi] status: connected=True conn_ready=True subscribed=332/332 ticks=434
[citi] status: connected=True conn_ready=True subscribed=332/332 ticks=440
[citi] status: connected=True conn_ready=True subscribed=332/332 ticks=440
[citi] status: connected=True conn_ready=True subscribed=332/332 ticks=447
[citi] status: connected=True conn_ready=True subscribed=332/332 ticks=447
[citi] status: connected=True conn_ready=True subscribed=332/332 ticks=453
[citi] status: connected=True conn_ready=True subscribed=332/332 ticks=453
[citi] status: connected=True conn_ready=True subscribed=332/332 ticks=457
[citi] status: connected=True conn_ready=True subscribed=332/332 ticks=457
[citi] status: connected=True conn_ready=True subscribed=332/332 ticks=463
[citi] status: connected=True conn_ready=True subscribed=332/332 ticks=463
[citi] status: connected=True conn_ready=True subscribed=332/332 ticks=469
[citi] status: connected=True conn_ready=True subscribed=332/332 ticks=469
[citi] status: connected=True conn_ready=True subscribed=332/332 ticks=475
[citi] status: connected=True conn_ready=True subscribed=332/332 ticks=475
[citi] status: connected=True conn_ready=True subscribed=332/332 ticks=481
[citi] status: connected=True conn_ready=True subscribed=332/332 ticks=481
[citi] status: connected=True conn_ready=True subscribed=332/332 ticks=487
[citi] status: connected=True conn_ready=True subscribed=332/332 ticks=487
[citi] status: connected=True conn_ready=True subscribed=332/332 ticks=492
[citi] status: connected=True conn_ready=True subscribed=332/332 ticks=492
[citi] status: connected=True conn_ready=True subscribed=332/332 ticks=498
[citi] status: connected=True conn_ready=True subscribed=332/332 ticks=498
[citi] status: connected=True conn_ready=True subscribed=332/332 ticks=502
[citi] status: connected=True conn_ready=True subscribed=332/332 ticks=502
[citi] status: connected=True conn_ready=True subscribed=332/332 ticks=507
[citi] status: connected=True conn_ready=True subscribed=332/332 ticks=507
[citi] status: connected=True conn_ready=True subscribed=332/332 ticks=511
[citi] status: connected=True conn_ready=True subscribed=332/332 ticks=511
[citi] status: connected=True conn_ready=True subscribed=332/332 ticks=516
[citi] status: connected=True conn_ready=True subscribed=332/332 ticks=516
[citi] status: connected=True conn_ready=True subscribed=332/332 ticks=523
[citi] status: connected=True conn_ready=True subscribed=332/332 ticks=523
[citi] status: connected=True conn_ready=True subscribed=332/332 ticks=529
[citi] status: connected=True conn_ready=True subscribed=332/332 ticks=529
[citi] status: connected=True conn_ready=True subscribed=332/332 ticks=533
[citi] status: connected=True conn_ready=True subscribed=332/332 ticks=533
[citi] status: connected=True conn_ready=True subscribed=332/332 ticks=536
[citi] status: connected=True conn_ready=True subscribed=332/332 ticks=536
[citi] status: connected=True conn_ready=True subscribed=332/332 ticks=540
[citi] status: connected=True conn_ready=True subscribed=332/332 ticks=540
[citi] status: connected=True conn_ready=True subscribed=332/332 ticks=543
[citi] status: connected=True conn_ready=True subscribed=332/332 ticks=543
[citi] status: connected=True conn_ready=True subscribed=332/332 ticks=548
[citi] status: connected=True conn_ready=True subscribed=332/332 ticks=548
[citi] status: connected=True conn_ready=True subscribed=332/332 ticks=555
[citi] status: connected=True conn_ready=True subscribed=332/332 ticks=555
[citi] status: connected=True conn_ready=True subscribed=332/332 ticks=561
[citi] status: connected=True conn_ready=True subscribed=332/332 ticks=561
[citi] status: connected=True conn_ready=True subscribed=332/332 ticks=566
[citi] status: connected=True conn_ready=True subscribed=332/332 ticks=566
[citi] status: connected=True conn_ready=True subscribed=332/332 ticks=571
[citi] status: connected=True conn_ready=True subscribed=332/332 ticks=571
[citi] status: connected=True conn_ready=True subscribed=332/332 ticks=577
[citi] status: connected=True conn_ready=True subscribed=332/332 ticks=577
[citi] status: connected=True conn_ready=True subscribed=332/332 ticks=582
[citi] status: connected=True conn_ready=True subscribed=332/332 ticks=582
[citi] status: connected=True conn_ready=True subscribed=332/332 ticks=589
[citi] status: connected=True conn_ready=True subscribed=332/332 ticks=589
[citi] status: connected=True conn_ready=True subscribed=332/332 ticks=593
[citi] status: connected=True conn_ready=True subscribed=332/332 ticks=593
[citi] status: connected=True conn_ready=True subscribed=332/332 ticks=598
[citi] status: connected=True conn_ready=True subscribed=332/332 ticks=598
[citi] status: connected=True conn_ready=True subscribed=332/332 ticks=605
[citi] status: connected=True conn_ready=True subscribed=332/332 ticks=605
[citi] status: connected=True conn_ready=True subscribed=332/332 ticks=610
[citi] status: connected=True conn_ready=True subscribed=332/332 ticks=611
[citi] status: connected=True conn_ready=True subscribed=332/332 ticks=616
[citi] status: connected=True conn_ready=True subscribed=332/332 ticks=616
[citi] status: connected=True conn_ready=True subscribed=332/332 ticks=621
[citi] status: connected=True conn_ready=True subscribed=332/332 ticks=621
[citi] status: connected=True conn_ready=True subscribed=332/332 ticks=628
[citi] status: connected=True conn_ready=True subscribed=332/332 ticks=628
[citi] status: connected=True conn_ready=True subscribed=332/332 ticks=633
[citi] status: connected=True conn_ready=True subscribed=332/332 ticks=633
[citi] status: connected=True conn_ready=True subscribed=332/332 ticks=636
[citi] status: connected=True conn_ready=True subscribed=332/332 ticks=636
[citi] status: connected=True conn_ready=True subscribed=332/332 ticks=639
[citi] status: connected=True conn_ready=True subscribed=332/332 ticks=639
[citi] status: connected=True conn_ready=True subscribed=332/332 ticks=645
[citi] status: connected=True conn_ready=True subscribed=332/332 ticks=645
[citi] status: connected=True conn_ready=True subscribed=332/332 ticks=647
[citi] status: connected=True conn_ready=True subscribed=332/332 ticks=647
[citi] status: connected=True conn_ready=True subscribed=332/332 ticks=654
[citi] status: connected=True conn_ready=True subscribed=332/332 ticks=654
[citi] status: connected=True conn_ready=True subscribed=332/332 ticks=659
[citi] status: connected=True conn_ready=True subscribed=332/332 ticks=659
[citi] status: connected=True conn_ready=True subscribed=332/332 ticks=663
[citi] status: connected=True conn_ready=True subscribed=332/332 ticks=663
[citi] status: connected=True conn_ready=True subscribed=332/332 ticks=668
[citi] status: connected=True conn_ready=True subscribed=332/332 ticks=668
[citi] status: connected=True conn_ready=True subscribed=332/332 ticks=672
[citi] status: connected=True conn_ready=True subscribed=332/332 ticks=672
[citi] status: connected=True conn_ready=True subscribed=332/332 ticks=676
[citi] status: connected=True conn_ready=True subscribed=332/332 ticks=676
[citi] status: connected=True conn_ready=True subscribed=332/332 ticks=682
[citi] status: connected=True conn_ready=True subscribed=332/332 ticks=682
[citi] status: connected=True conn_ready=True subscribed=332/332 ticks=689
[citi] status: connected=True conn_ready=True subscribed=332/332 ticks=689
[citi] status: connected=True conn_ready=True subscribed=332/332 ticks=694
[citi] status: connected=True conn_ready=True subscribed=332/332 ticks=694
[citi] status: connected=True conn_ready=True subscribed=332/332 ticks=699
[citi] status: connected=True conn_ready=True subscribed=332/332 ticks=699
[citi] status: connected=True conn_ready=True subscribed=332/332 ticks=704
[citi] status: connected=True conn_ready=True subscribed=332/332 ticks=704
[citi] status: connected=True conn_ready=True subscribed=332/332 ticks=708
[citi] status: connected=True conn_ready=True subscribed=332/332 ticks=708
[citi] status: connected=True conn_ready=True subscribed=332/332 ticks=713
[citi] status: connected=True conn_ready=True subscribed=332/332 ticks=713
[citi] status: connected=True conn_ready=True subscribed=332/332 ticks=718
[citi] status: connected=True conn_ready=True subscribed=332/332 ticks=718
[citi] status: connected=True conn_ready=True subscribed=332/332 ticks=725
[citi] status: connected=True conn_ready=True subscribed=332/332 ticks=725
[citi] status: connected=True conn_ready=True subscribed=332/332 ticks=727
[citi] status: connected=True conn_ready=True subscribed=332/332 ticks=727
[citi] status: connected=True conn_ready=True subscribed=332/332 ticks=731
[citi] status: connected=True conn_ready=True subscribed=332/332 ticks=731
[citi] status: connected=True conn_ready=True subscribed=332/332 ticks=734
[citi] status: connected=True conn_ready=True subscribed=332/332 ticks=734
[citi] status: connected=True conn_ready=True subscribed=332/332 ticks=735
[citi] status: connected=True conn_ready=True subscribed=332/332 ticks=735
[citi] status: connected=True conn_ready=True subscribed=332/332 ticks=740
[citi] status: connected=True conn_ready=True subscribed=332/332 ticks=740
[citi] status: connected=True conn_ready=True subscribed=332/332 ticks=743
[citi] status: connected=True conn_ready=True subscribed=332/332 ticks=743
[citi] status: connected=True conn_ready=True subscribed=332/332 ticks=746
[citi] status: connected=True conn_ready=True subscribed=332/332 ticks=746
[citi] status: connected=True conn_ready=True subscribed=332/332 ticks=749
[citi] status: connected=True conn_ready=True subscribed=332/332 ticks=749
[citi] status: connected=True conn_ready=True subscribed=332/332 ticks=752
[citi] status: connected=True conn_ready=True subscribed=332/332 ticks=752
[citi] status: connected=True conn_ready=True subscribed=332/332 ticks=756
[citi] status: connected=True conn_ready=True subscribed=332/332 ticks=756
[citi] status: connected=True conn_ready=True subscribed=332/332 ticks=757
[citi] status: connected=True conn_ready=True subscribed=332/332 ticks=757
[citi] status: connected=True conn_ready=True subscribed=332/332 ticks=760
[citi] status: connected=True conn_ready=True subscribed=332/332 ticks=760
[citi] status: connected=True conn_ready=True subscribed=332/332 ticks=764
[citi] status: connected=True conn_ready=True subscribed=332/332 ticks=764
[citi] status: connected=True conn_ready=True subscribed=332/332 ticks=768
[citi] status: connected=True conn_ready=True subscribed=332/332 ticks=768
[citi] status: connected=True conn_ready=True subscribed=332/332 ticks=771
[citi] status: connected=True conn_ready=True subscribed=332/332 ticks=771
[citi] status: connected=True conn_ready=True subscribed=332/332 ticks=774
[citi] status: connected=True conn_ready=True subscribed=332/332 ticks=774
[citi] status: connected=True conn_ready=True subscribed=332/332 ticks=777
[citi] status: connected=True conn_ready=True subscribed=332/332 ticks=777
[citi] status: connected=True conn_ready=True subscribed=332/332 ticks=779
[citi] status: connected=True conn_ready=True subscribed=332/332 ticks=779
[citi] status: connected=True conn_ready=True subscribed=332/332 ticks=781
[citi] status: connected=True conn_ready=True subscribed=332/332 ticks=781
[citi] status: connected=True conn_ready=True subscribed=332/332 ticks=783
[citi] status: connected=True conn_ready=True subscribed=332/332 ticks=783
[citi] status: connected=True conn_ready=True subscribed=332/332 ticks=784
[citi] status: connected=True conn_ready=True subscribed=332/332 ticks=784
[citi] status: connected=True conn_ready=True subscribed=332/332 ticks=788
[citi] status: connected=True conn_ready=True subscribed=332/332 ticks=788
[citi] status: connected=True conn_ready=True subscribed=332/332 ticks=791
[citi] status: connected=True conn_ready=True subscribed=332/332 ticks=791
[citi] status: connected=True conn_ready=True subscribed=332/332 ticks=794
[citi] status: connected=True conn_ready=True subscribed=332/332 ticks=794
[citi] status: connected=True conn_ready=True subscribed=332/332 ticks=797
[citi] status: connected=True conn_ready=True subscribed=332/332 ticks=797
[citi] status: connected=True conn_ready=True subscribed=332/332 ticks=800
[citi] status: connected=True conn_ready=True subscribed=332/332 ticks=800
[citi] status: connected=True conn_ready=True subscribed=332/332 ticks=804
[citi] status: connected=True conn_ready=True subscribed=332/332 ticks=804
[citi] status: connected=True conn_ready=True subscribed=332/332 ticks=807
[citi] status: connected=True conn_ready=True subscribed=332/332 ticks=807
[citi] status: connected=True conn_ready=True subscribed=332/332 ticks=810
[citi] status: connected=True conn_ready=True subscribed=332/332 ticks=810
[citi] status: connected=True conn_ready=True subscribed=332/332 ticks=814
[citi] status: connected=True conn_ready=True subscribed=332/332 ticks=814
[citi] status: connected=True conn_ready=True subscribed=332/332 ticks=816
[citi] status: connected=True conn_ready=True subscribed=332/332 ticks=816
[citi] status: connected=True conn_ready=True subscribed=332/332 ticks=818
[citi] status: connected=True conn_ready=True subscribed=332/332 ticks=818
[citi] status: connected=True conn_ready=True subscribed=332/332 ticks=819
[citi] status: connected=True conn_ready=True subscribed=332/332 ticks=819
[citi] status: connected=True conn_ready=True subscribed=332/332 ticks=822
[citi] status: connected=True conn_ready=True subscribed=332/332 ticks=822
[citi] status: connected=True conn_ready=True subscribed=332/332 ticks=825
[citi] status: connected=True conn_ready=True subscribed=332/332 ticks=825
[citi] status: connected=True conn_ready=True subscribed=332/332 ticks=828
[citi] status: connected=True conn_ready=True subscribed=332/332 ticks=828
[citi] status: connected=True conn_ready=True subscribed=332/332 ticks=828
[citi] status: connected=True conn_ready=True subscribed=332/332 ticks=828
[citi] status: connected=True conn_ready=True subscribed=332/332 ticks=831
[citi] status: connected=True conn_ready=True subscribed=332/332 ticks=831
[citi] status: connected=True conn_ready=True subscribed=332/332 ticks=834
[citi] status: connected=True conn_ready=True subscribed=332/332 ticks=834
[citi] status: connected=True conn_ready=True subscribed=332/332 ticks=837
[citi] status: connected=True conn_ready=True subscribed=332/332 ticks=837
[citi] status: connected=True conn_ready=True subscribed=332/332 ticks=840
[citi] status: connected=True conn_ready=True subscribed=332/332 ticks=840
[citi] status: connected=True conn_ready=True subscribed=332/332 ticks=843
[citi] status: connected=True conn_ready=True subscribed=332/332 ticks=843
[citi] status: connected=True conn_ready=True subscribed=332/332 ticks=845
[citi] status: connected=True conn_ready=True subscribed=332/332 ticks=845
[citi] status: connected=True conn_ready=True subscribed=332/332 ticks=848
[citi] status: connected=True conn_ready=True subscribed=332/332 ticks=848
[citi] status: connected=True conn_ready=True subscribed=332/332 ticks=851
[citi] status: connected=True conn_ready=True subscribed=332/332 ticks=851
[citi] status: connected=True conn_ready=True subscribed=332/332 ticks=854
[citi] status: connected=True conn_ready=True subscribed=332/332 ticks=854
[citi] status: connected=True conn_ready=True subscribed=332/332 ticks=857
[citi] status: connected=True conn_ready=True subscribed=332/332 ticks=857
[citi] status: connected=True conn_ready=True subscribed=332/332 ticks=860
[citi] status: connected=True conn_ready=True subscribed=332/332 ticks=860
[citi] status: connected=True conn_ready=True subscribed=332/332 ticks=863
[citi] status: connected=True conn_ready=True subscribed=332/332 ticks=863
[citi] status: connected=True conn_ready=True subscribed=332/332 ticks=867
[citi] status: connected=True conn_ready=True subscribed=332/332 ticks=867
[citi] status: connected=True conn_ready=True subscribed=332/332 ticks=871
[citi] status: connected=True conn_ready=True subscribed=332/332 ticks=871
[citi] status: connected=True conn_ready=True subscribed=332/332 ticks=872
[citi] status: connected=True conn_ready=True subscribed=332/332 ticks=872
[citi] status: connected=True conn_ready=True subscribed=332/332 ticks=876
[citi] status: connected=True conn_ready=True subscribed=332/332 ticks=876
[citi] status: connected=True conn_ready=True subscribed=332/332 ticks=879
[citi] status: connected=True conn_ready=True subscribed=332/332 ticks=879
[citi] status: connected=True conn_ready=True subscribed=332/332 ticks=883
[citi] status: connected=True conn_ready=True subscribed=332/332 ticks=883
[citi] status: connected=True conn_ready=True subscribed=332/332 ticks=886
[citi] status: connected=True conn_ready=True subscribed=332/332 ticks=886
[citi] status: connected=True conn_ready=True subscribed=332/332 ticks=889
[citi] status: connected=True conn_ready=True subscribed=332/332 ticks=889
[citi] status: connected=True conn_ready=True subscribed=332/332 ticks=892
[citi] status: connected=True conn_ready=True subscribed=332/332 ticks=892
[citi] status: connected=True conn_ready=True subscribed=332/332 ticks=893
[citi] status: connected=True conn_ready=True subscribed=332/332 ticks=893
[citi] status: connected=True conn_ready=True subscribed=332/332 ticks=897
[citi] status: connected=True conn_ready=True subscribed=332/332 ticks=897
[citi] status: connected=True conn_ready=True subscribed=332/332 ticks=899
[citi] status: connected=True conn_ready=True subscribed=332/332 ticks=899
[citi] status: connected=True conn_ready=True subscribed=332/332 ticks=902
[citi] status: connected=True conn_ready=True subscribed=332/332 ticks=902
[citi] status: connected=True conn_ready=True subscribed=332/332 ticks=904
[citi] status: connected=True conn_ready=True subscribed=332/332 ticks=904
[citi] status: connected=True conn_ready=True subscribed=332/332 ticks=907
[citi] status: connected=True conn_ready=True subscribed=332/332 ticks=907
[citi] status: connected=True conn_ready=True subscribed=332/332 ticks=910
[citi] status: connected=True conn_ready=True subscribed=332/332 ticks=910
[citi] status: connected=True conn_ready=True subscribed=332/332 ticks=913
[citi] status: connected=True conn_ready=True subscribed=332/332 ticks=913
[citi] status: connected=True conn_ready=True subscribed=332/332 ticks=915
[citi] status: connected=True conn_ready=True subscribed=332/332 ticks=915
[citi] status: connected=True conn_ready=True subscribed=332/332 ticks=917
[citi] status: connected=True conn_ready=True subscribed=332/332 ticks=917
[citi] status: connected=True conn_ready=True subscribed=332/332 ticks=918
[citi] status: connected=True conn_ready=True subscribed=332/332 ticks=918
[citi] status: connected=True conn_ready=True subscribed=332/332 ticks=920
[citi] status: connected=True conn_ready=True subscribed=332/332 ticks=920
[citi] status: connected=True conn_ready=True subscribed=332/332 ticks=922
[citi] status: connected=True conn_ready=True subscribed=332/332 ticks=922
[citi] status: connected=True conn_ready=True subscribed=332/332 ticks=924
[citi] status: connected=True conn_ready=True subscribed=332/332 ticks=924
[citi] status: connected=True conn_ready=True subscribed=332/332 ticks=927
[citi] status: connected=True conn_ready=True subscribed=332/332 ticks=927
[citi] status: connected=True conn_ready=True subscribed=332/332 ticks=929
[citi] status: connected=True conn_ready=True subscribed=332/332 ticks=929
[citi] status: connected=True conn_ready=True subscribed=332/332 ticks=932
[citi] status: connected=True conn_ready=True subscribed=332/332 ticks=932
[citi] status: connected=True conn_ready=True subscribed=332/332 ticks=935
[citi] status: connected=True conn_ready=True subscribed=332/332 ticks=935
[citi] status: connected=True conn_ready=True subscribed=332/332 ticks=938